c:\fun\3d-hevc\htm\htm-16.0\htm-16.0-mv-draft-5\build\vc2015\x64\debug\tlibdecoderanalyser\tlibdecoderanalyser.pdb
c:\fun\3d-hevc\htm\htm-16.0\htm-16.0-mv-draft-5\build\vc2015\x64\debug\tlibdecoderanalyser\tlibdecoderanalyser.idb
c:\fun\3d-hevc\htm\htm-16.0\htm-16.0-mv-draft-5\build\vc2015\x64\debug\tlibdecoderanalyser\annexbread.obj
c:\fun\3d-hevc\htm\htm-16.0\htm-16.0-mv-draft-5\build\vc2015\x64\debug\tlibdecoderanalyser\nalread.obj
c:\fun\3d-hevc\htm\htm-16.0\htm-16.0-mv-draft-5\build\vc2015\x64\debug\tlibdecoderanalyser\seiread.obj
c:\fun\3d-hevc\htm\htm-16.0\htm-16.0-mv-draft-5\build\vc2015\x64\debug\tlibdecoderanalyser\syntaxelementparser.obj
c:\fun\3d-hevc\htm\htm-16.0\htm-16.0-mv-draft-5\build\vc2015\x64\debug\tlibdecoderanalyser\tdecbincodercabac.obj
c:\fun\3d-hevc\htm\htm-16.0\htm-16.0-mv-draft-5\build\vc2015\x64\debug\tlibdecoderanalyser\tdeccavlc.obj
c:\fun\3d-hevc\htm\htm-16.0\htm-16.0-mv-draft-5\build\vc2015\x64\debug\tlibdecoderanalyser\tdeccu.obj
c:\fun\3d-hevc\htm\htm-16.0\htm-16.0-mv-draft-5\build\vc2015\x64\debug\tlibdecoderanalyser\tdecentropy.obj
c:\fun\3d-hevc\htm\htm-16.0\htm-16.0-mv-draft-5\build\vc2015\x64\debug\tlibdecoderanalyser\tdecgop.obj
c:\fun\3d-hevc\htm\htm-16.0\htm-16.0-mv-draft-5\build\vc2015\x64\debug\tlibdecoderanalyser\tdecsbac.obj
c:\fun\3d-hevc\htm\htm-16.0\htm-16.0-mv-draft-5\build\vc2015\x64\debug\tlibdecoderanalyser\tdecslice.obj
c:\fun\3d-hevc\htm\htm-16.0\htm-16.0-mv-draft-5\build\vc2015\x64\debug\tlibdecoderanalyser\tdectop.obj
c:\fun\3d-hevc\htm\htm-16.0\htm-16.0-mv-draft-5\build\vc2015\x64\debug\tlibdecoderanalyser\tlibdecoderanalyser.lib
c:\fun\3d-hevc\htm\htm-16.0\htm-16.0-mv-draft-5\build\\vc2015\x64\debug\tlibdecoderanalyser\tlibdecoderanalyser.pdb
c:\fun\3d-hevc\htm\htm-16.0\htm-16.0-mv-draft-5\build\\vc2015\x64\debug\tlibdecoderanalyser\tlibdecoderanalyser.lib
c:\fun\3d-hevc\htm\htm-16.0\htm-16.0-mv-draft-5\build\vc2015\x64\debug\tlibdecoderanalyser\tlibdeco.68c1251a.tlog\cl.command.1.tlog
c:\fun\3d-hevc\htm\htm-16.0\htm-16.0-mv-draft-5\build\vc2015\x64\debug\tlibdecoderanalyser\tlibdeco.68c1251a.tlog\cl.read.1.tlog
c:\fun\3d-hevc\htm\htm-16.0\htm-16.0-mv-draft-5\build\vc2015\x64\debug\tlibdecoderanalyser\tlibdeco.68c1251a.tlog\cl.write.1.tlog
c:\fun\3d-hevc\htm\htm-16.0\htm-16.0-mv-draft-5\build\vc2015\x64\debug\tlibdecoderanalyser\tlibdeco.68c1251a.tlog\lib-link.read.1.tlog
c:\fun\3d-hevc\htm\htm-16.0\htm-16.0-mv-draft-5\build\vc2015\x64\debug\tlibdecoderanalyser\tlibdeco.68c1251a.tlog\lib-link.write.1.tlog
c:\fun\3d-hevc\htm\htm-16.0\htm-16.0-mv-draft-5\build\vc2015\x64\debug\tlibdecoderanalyser\tlibdeco.68c1251a.tlog\lib.command.1.tlog
